[debug] [2020-06-05T16:44:16.557Z] ----------------------------------------------------------------------
[debug] [2020-06-05T16:44:16.560Z] Command:       C:\Program Files\nodejs\node.exe C:\Users\Thiago\AppData\Roaming\npm\node_modules\firebase-tools\lib\bin\firebase.js deploy --only functions --debug
[debug] [2020-06-05T16:44:16.560Z] CLI Version:   8.4.1
[debug] [2020-06-05T16:44:16.561Z] Platform:      win32
[debug] [2020-06-05T16:44:16.561Z] Node Version:  v8.16.0
[debug] [2020-06-05T16:44:16.561Z] Time:          Fri Jun 05 2020 13:44:16 GMT-0300 (Hora oficial do Brasil)
[debug] [2020-06-05T16:44:16.561Z] ----------------------------------------------------------------------
[debug] [2020-06-05T16:44:16.562Z] 
[debug] [2020-06-05T16:44:16.576Z] > command requires scopes: ["email","openid","https://www.googleapis.com/auth/cloudplatformprojects.readonly","https://www.googleapis.com/auth/firebase","https://www.googleapis.com/auth/cloud-platform"]
[debug] [2020-06-05T16:44:16.578Z] > authorizing via signed-in user
[debug] [2020-06-05T16:44:16.580Z] [iam] checking project anonibus-89f12 for permissions ["cloudfunctions.functions.create","cloudfunctions.functions.delete","cloudfunctions.functions.get","cloudfunctions.functions.list","cloudfunctions.functions.update","cloudfunctions.operations.get","firebase.projects.get"]
[debug] [2020-06-05T16:44:16.585Z] >>> HTTP REQUEST POST https://cloudresourcemanager.googleapis.com/v1/projects/anonibus-89f12:testIamPermissions  
 {"permissions":["cloudfunctions.functions.create","cloudfunctions.functions.delete","cloudfunctions.functions.get","cloudfunctions.functions.list","cloudfunctions.functions.update","cloudfunctions.operations.get","firebase.projects.get"]}
[debug] [2020-06-05T16:44:17.588Z] <<< HTTP RESPONSE 200 {"content-type":"application/json; charset=UTF-8","vary":"X-Origin, Referer, Origin,Accept-Encoding","date":"Fri, 05 Jun 2020 16:44:20 GMT","server":"ESF","cache-control":"private","x-xss-protection":"0","x-frame-options":"SAMEORIGIN","x-content-type-options":"nosniff","server-timing":"gfet4t7; dur=731","alt-svc":"h3-27=\":443\"; ma=2592000,h3-25=\":443\"; ma=2592000,h3-T050=\":443\"; ma=2592000,h3-Q050=\":443\"; ma=2592000,h3-Q049=\":443\"; ma=2592000,h3-Q048=\":443\"; ma=2592000,h3-Q046=\":443\"; ma=2592000,h3-Q043=\":443\"; ma=2592000,quic=\":443\"; ma=2592000; v=\"46,43\"","accept-ranges":"none","transfer-encoding":"chunked"}
[debug] [2020-06-05T16:44:17.593Z] >>> HTTP REQUEST POST https://iam.googleapis.com/v1/projects/anonibus-89f12/serviceAccounts/anonibus-89f12@appspot.gserviceaccount.com:testIamPermissions  
 {"permissions":["iam.serviceAccounts.actAs"]}
[debug] [2020-06-05T16:44:18.575Z] <<< HTTP RESPONSE 200 {"content-type":"application/json; charset=UTF-8","vary":"X-Origin, Referer, Origin,Accept-Encoding","date":"Fri, 05 Jun 2020 16:44:20 GMT","server":"ESF","cache-control":"private","x-xss-protection":"0","x-frame-options":"SAMEORIGIN","x-content-type-options":"nosniff","alt-svc":"h3-27=\":443\"; ma=2592000,h3-25=\":443\"; ma=2592000,h3-T050=\":443\"; ma=2592000,h3-Q050=\":443\"; ma=2592000,h3-Q049=\":443\"; ma=2592000,h3-Q048=\":443\"; ma=2592000,h3-Q046=\":443\"; ma=2592000,h3-Q043=\":443\"; ma=2592000,quic=\":443\"; ma=2592000; v=\"46,43\"","accept-ranges":"none","transfer-encoding":"chunked"}
[info] 
[info] === Deploying to 'anonibus-89f12'...
[info] 
[info] i  deploying functions 
[debug] [2020-06-05T16:44:22.715Z] > [functions] package.json contents: {
  "name": "functions",
  "description": "Cloud Functions for Firebase",
  "scripts": {
    "serve": "firebase emulators:start --only functions",
    "shell": "firebase functions:shell",
    "start": "npm run shell",
    "deploy": "firebase deploy --only functions",
    "logs": "firebase functions:log"
  },
  "engines": {
    "node": "8"
  },
  "dependencies": {
    "firebase-admin": "^8.10.0",
    "firebase-functions": "^3.6.1"
  },
  "devDependencies": {
    "firebase-functions-test": "^0.2.0"
  },
  "private": true
}
[info] i  functions: ensuring required API cloudfunctions.googleapis.com is enabled... 
[debug] [2020-06-05T16:44:25.196Z] [functions] runtime dependency check dates: warning: 2020-05-21T00:00:00.000Z error: 2020-06-23T00:00:00.000Z
[debug] [2020-06-05T16:44:25.197Z] >>> HTTP REQUEST GET https://serviceusage.googleapis.com/v1/projects/anonibus-89f12/services/cloudfunctions.googleapis.com  
 
[debug] [2020-06-05T16:44:25.199Z] >>> HTTP REQUEST GET https://serviceusage.googleapis.com/v1/projects/anonibus-89f12/services/runtimeconfig.googleapis.com  
 
[debug] [2020-06-05T16:44:26.274Z] <<< HTTP RESPONSE 200 {"content-type":"application/json; charset=UTF-8","vary":"X-Origin, Referer, Origin,Accept-Encoding","date":"Fri, 05 Jun 2020 16:44:28 GMT","server":"ESF","cache-control":"private","x-xss-protection":"0","x-frame-options":"SAMEORIGIN","x-content-type-options":"nosniff","alt-svc":"h3-27=\":443\"; ma=2592000,h3-25=\":443\"; ma=2592000,h3-T050=\":443\"; ma=2592000,h3-Q050=\":443\"; ma=2592000,h3-Q049=\":443\"; ma=2592000,h3-Q048=\":443\"; ma=2592000,h3-Q046=\":443\"; ma=2592000,h3-Q043=\":443\"; ma=2592000,quic=\":443\"; ma=2592000; v=\"46,43\"","accept-ranges":"none","transfer-encoding":"chunked"}
[debug] [2020-06-05T16:44:26.288Z] <<< HTTP RESPONSE 200 {"content-type":"application/json; charset=UTF-8","vary":"X-Origin, Referer, Origin,Accept-Encoding","date":"Fri, 05 Jun 2020 16:44:28 GMT","server":"ESF","cache-control":"private","x-xss-protection":"0","x-frame-options":"SAMEORIGIN","x-content-type-options":"nosniff","alt-svc":"h3-27=\":443\"; ma=2592000,h3-25=\":443\"; ma=2592000,h3-T050=\":443\"; ma=2592000,h3-Q050=\":443\"; ma=2592000,h3-Q049=\":443\"; ma=2592000,h3-Q048=\":443\"; ma=2592000,h3-Q046=\":443\"; ma=2592000,h3-Q043=\":443\"; ma=2592000,quic=\":443\"; ma=2592000; v=\"46,43\"","accept-ranges":"none","transfer-encoding":"chunked"}
[info] +  functions: required API cloudfunctions.googleapis.com is enabled 
[debug] [2020-06-05T16:44:26.291Z] >>> HTTP REQUEST GET https://firebase.googleapis.com/v1beta1/projects/anonibus-89f12/adminSdkConfig  
 
[debug] [2020-06-05T16:44:26.815Z] <<< HTTP RESPONSE 200 {"content-type":"application/json; charset=UTF-8","vary":"X-Origin, Referer, Origin,Accept-Encoding","date":"Fri, 05 Jun 2020 16:44:29 GMT","server":"ESF","cache-control":"private","x-xss-protection":"0","x-frame-options":"SAMEORIGIN","x-content-type-options":"nosniff","alt-svc":"h3-27=\":443\"; ma=2592000,h3-25=\":443\"; ma=2592000,h3-T050=\":443\"; ma=2592000,h3-Q050=\":443\"; ma=2592000,h3-Q049=\":443\"; ma=2592000,h3-Q048=\":443\"; ma=2592000,h3-Q046=\":443\"; ma=2592000,h3-Q043=\":443\"; ma=2592000,quic=\":443\"; ma=2592000; v=\"46,43\"","accept-ranges":"none","transfer-encoding":"chunked"}
[info] i  functions: preparing functions directory for uploading... 
[debug] [2020-06-05T16:44:26.820Z] >>> HTTP REQUEST GET https://runtimeconfig.googleapis.com/v1beta1/projects/anonibus-89f12/configs  
 
[debug] [2020-06-05T16:44:27.231Z] <<< HTTP RESPONSE 200 {"content-type":"application/json; charset=UTF-8","vary":"X-Origin, Referer, Origin,Accept-Encoding","date":"Fri, 05 Jun 2020 16:44:29 GMT","server":"ESF","cache-control":"private","x-xss-protection":"0","x-frame-options":"SAMEORIGIN","x-content-type-options":"nosniff","alt-svc":"h3-27=\":443\"; ma=2592000,h3-25=\":443\"; ma=2592000,h3-T050=\":443\"; ma=2592000,h3-Q050=\":443\"; ma=2592000,h3-Q049=\":443\"; ma=2592000,h3-Q048=\":443\"; ma=2592000,h3-Q046=\":443\"; ma=2592000,h3-Q043=\":443\"; ma=2592000,quic=\":443\"; ma=2592000; v=\"46,43\"","accept-ranges":"none","transfer-encoding":"chunked"}
[info] i  functions: packaged functions (27.75 KB) for uploading 
[debug] [2020-06-05T16:44:27.989Z] >>> HTTP REQUEST GET https://cloudfunctions.googleapis.com/v1/projects/anonibus-89f12/locations/-/functions  
 
[debug] [2020-06-05T16:44:29.391Z] <<< HTTP RESPONSE 200 {"content-type":"application/json; charset=UTF-8","vary":"X-Origin, Referer, Origin,Accept-Encoding","date":"Fri, 05 Jun 2020 16:44:31 GMT","server":"ESF","cache-control":"private","x-xss-protection":"0","x-frame-options":"SAMEORIGIN","x-content-type-options":"nosniff","alt-svc":"h3-27=\":443\"; ma=2592000,h3-25=\":443\"; ma=2592000,h3-T050=\":443\"; ma=2592000,h3-Q050=\":443\"; ma=2592000,h3-Q049=\":443\"; ma=2592000,h3-Q048=\":443\"; ma=2592000,h3-Q046=\":443\"; ma=2592000,h3-Q043=\":443\"; ma=2592000,quic=\":443\"; ma=2592000; v=\"46,43\"","accept-ranges":"none","transfer-encoding":"chunked"}
[debug] [2020-06-05T16:44:29.396Z] [functions] found 1 new HTTP functions, testing setIamPolicy permission...
[debug] [2020-06-05T16:44:29.398Z] >>> HTTP REQUEST POST https://cloudresourcemanager.googleapis.com/v1/projects/anonibus-89f12:testIamPermissions  
 {"permissions":["cloudfunctions.functions.setIamPolicy"]}
[debug] [2020-06-05T16:44:30.179Z] <<< HTTP RESPONSE 200 {"content-type":"application/json; charset=UTF-8","vary":"X-Origin, Referer, Origin,Accept-Encoding","date":"Fri, 05 Jun 2020 16:44:32 GMT","server":"ESF","cache-control":"private","x-xss-protection":"0","x-frame-options":"SAMEORIGIN","x-content-type-options":"nosniff","server-timing":"gfet4t7; dur=737","alt-svc":"h3-27=\":443\"; ma=2592000,h3-25=\":443\"; ma=2592000,h3-T050=\":443\"; ma=2592000,h3-Q050=\":443\"; ma=2592000,h3-Q049=\":443\"; ma=2592000,h3-Q048=\":443\"; ma=2592000,h3-Q046=\":443\"; ma=2592000,h3-Q043=\":443\"; ma=2592000,quic=\":443\"; ma=2592000; v=\"46,43\"","accept-ranges":"none","transfer-encoding":"chunked"}
[debug] [2020-06-05T16:44:30.182Z] [functions] found setIamPolicy permission, proceeding with deploy
[debug] [2020-06-05T16:44:30.183Z] >>> HTTP REQUEST POST https://cloudfunctions.googleapis.com/v1/projects/anonibus-89f12/locations/us-central1/functions:generateUploadUrl  
 
[debug] [2020-06-05T16:44:31.783Z] <<< HTTP RESPONSE 200 {"content-type":"application/json; charset=UTF-8","vary":"X-Origin, Referer, Origin,Accept-Encoding","date":"Fri, 05 Jun 2020 16:44:34 GMT","server":"ESF","cache-control":"private","x-xss-protection":"0","x-frame-options":"SAMEORIGIN","x-content-type-options":"nosniff","alt-svc":"h3-27=\":443\"; ma=2592000,h3-25=\":443\"; ma=2592000,h3-T050=\":443\"; ma=2592000,h3-Q050=\":443\"; ma=2592000,h3-Q049=\":443\"; ma=2592000,h3-Q048=\":443\"; ma=2592000,h3-Q046=\":443\"; ma=2592000,h3-Q043=\":443\"; ma=2592000,quic=\":443\"; ma=2592000; v=\"46,43\"","accept-ranges":"none","transfer-encoding":"chunked"}
[debug] [2020-06-05T16:44:31.786Z] >>> HTTP REQUEST PUT https://storage.googleapis.com/gcf-upload-us-central1-963c34a0-09a9-4d11-969c-6ea2e64a1766/5613d78d-f80d-4600-975a-37d53edb18e1.zip?GoogleAccessId=service-988299945200@gcf-admin-robot.iam.gserviceaccount.com&Expires=1591377274&Signature=eAb4zu1s5VvNAYJjm04FP%2BjotmCf3LjPMFtlzAY6FNqSfy%2F8bH2oDzV8KKlIa%2Fgf%2F6r3mzyY8VHEi5Q%2FJ7TREb5Q4UqQEcRck44692T2jJp5gt0vXucKkZaihNU%2FYDog3Ba0ffz0WIYu%2Bh%2FDAmQFfXOukszNIUZVuW4jRxtkBoS0viNGoaBmY3QF7siRgYvigBCHr3qzFpw%2BedEtwLFz5%2Fcd2bvKMCAyIEDjyv1ytHpYJj5Uodm%2Ftwngh%2FoW0vLtgsnMAlVqk8kBWq9YGxv87JV%2F5DwwBiS0snc2ZyB2luIIdlRqjcuU6cibIF%2FzcaMZ8MvDv3g9amkNxQctSI8enQ%3D%3D  
 <request body omitted>
[debug] [2020-06-05T16:44:32.155Z] <<< HTTP RESPONSE 200 {"x-guploader-uploadid":"AAANsUnxBmuNltvGR4tZxjNT63hQN7dg-HFDx7vSGWBE4xLp5pKsv2GLv4MdUb1kGqLaK9U26HsxRK8LAJ-vhFuuZuE","etag":"\"79b71cde35b59153efea9600ce184aed\"","x-goog-generation":"1591375474562044","x-goog-metageneration":"1","x-goog-hash":"crc32c=UgAAHg==, md5=ebcc3jW1kVPv6pYAzhhK7Q==","x-goog-stored-content-length":"28414","x-goog-stored-content-encoding":"identity","vary":"Origin","content-length":"0","date":"Fri, 05 Jun 2020 16:44:34 GMT","server":"UploadServer","content-type":"text/html; charset=UTF-8","alt-svc":"h3-27=\":443\"; ma=2592000,h3-25=\":443\"; ma=2592000,h3-T050=\":443\"; ma=2592000,h3-Q050=\":443\"; ma=2592000,h3-Q049=\":443\"; ma=2592000,h3-Q048=\":443\"; ma=2592000,h3-Q046=\":443\"; ma=2592000,h3-Q043=\":443\"; ma=2592000,quic=\":443\"; ma=2592000; v=\"46,43\""}
[info] +  functions: functions folder uploaded successfully 
[info] i  functions: creating Node.js 8 function enviarMensagem(us-central1)... 
[debug] [2020-06-05T16:44:32.163Z] Trigger is:  {"httpsTrigger":{}}
[info] i  functions: creating Node.js 8 function imageUpdateFirestore(us-central1)... 
[debug] [2020-06-05T16:44:32.165Z] Trigger is:  {"eventTrigger":{"resource":"projects/_/buckets/anonibus-89f12.appspot.com","eventType":"google.storage.object.finalize","service":"storage.googleapis.com"}}
[debug] [2020-06-05T16:44:32.167Z] >>> HTTP REQUEST GET https://serviceusage.googleapis.com/v1/projects/anonibus-89f12/services/cloudscheduler.googleapis.com  
 
[debug] [2020-06-05T16:44:33.055Z] <<< HTTP RESPONSE 200 {"content-type":"application/json; charset=UTF-8","vary":"X-Origin, Referer, Origin,Accept-Encoding","date":"Fri, 05 Jun 2020 16:44:35 GMT","server":"ESF","cache-control":"private","x-xss-protection":"0","x-frame-options":"SAMEORIGIN","x-content-type-options":"nosniff","alt-svc":"h3-27=\":443\"; ma=2592000,h3-25=\":443\"; ma=2592000,h3-T050=\":443\"; ma=2592000,h3-Q050=\":443\"; ma=2592000,h3-Q049=\":443\"; ma=2592000,h3-Q048=\":443\"; ma=2592000,h3-Q046=\":443\"; ma=2592000,h3-Q043=\":443\"; ma=2592000,quic=\":443\"; ma=2592000; v=\"46,43\"","accept-ranges":"none","transfer-encoding":"chunked"}
[debug] [2020-06-05T16:44:33.059Z] >>> HTTP REQUEST POST https://cloudfunctions.googleapis.com/v1/projects/anonibus-89f12/locations/us-central1/functions  
 {"sourceUploadUrl":"https://storage.googleapis.com/gcf-upload-us-central1-963c34a0-09a9-4d11-969c-6ea2e64a1766/5613d78d-f80d-4600-975a-37d53edb18e1.zip?GoogleAccessId=service-988299945200@gcf-admin-robot.iam.gserviceaccount.com&Expires=1591377274&Signature=eAb4zu1s5VvNAYJjm04FP%2BjotmCf3LjPMFtlzAY6FNqSfy%2F8bH2oDzV8KKlIa%2Fgf%2F6r3mzyY8VHEi5Q%2FJ7TREb5Q4UqQEcRck44692T2jJp5gt0vXucKkZaihNU%2FYDog3Ba0ffz0WIYu%2Bh%2FDAmQFfXOukszNIUZVuW4jRxtkBoS0viNGoaBmY3QF7siRgYvigBCHr3qzFpw%2BedEtwLFz5%2Fcd2bvKMCAyIEDjyv1ytHpYJj5Uodm%2Ftwngh%2FoW0vLtgsnMAlVqk8kBWq9YGxv87JV%2F5DwwBiS0snc2ZyB2luIIdlRqjcuU6cibIF%2FzcaMZ8MvDv3g9amkNxQctSI8enQ%3D%3D","name":"projects/anonibus-89f12/locations/us-central1/functions/enviarMensagem","entryPoint":"enviarMensagem","labels":{"deployment-tool":"cli-firebase"},"runtime":"nodejs8","environmentVariables":{"FIREBASE_CONFIG":"{\"projectId\":\"anonibus-89f12\",\"databaseURL\":\"https://anonibus-89f12.firebaseio.com\",\"storageBucket\":\"anonibus-89f12.appspot.com\",\"locationId\":\"us-central\"}"},"httpsTrigger":{}}
[debug] [2020-06-05T16:44:33.061Z] >>> HTTP REQUEST POST https://cloudfunctions.googleapis.com/v1/projects/anonibus-89f12/locations/us-central1/functions  
 {"sourceUploadUrl":"https://storage.googleapis.com/gcf-upload-us-central1-963c34a0-09a9-4d11-969c-6ea2e64a1766/5613d78d-f80d-4600-975a-37d53edb18e1.zip?GoogleAccessId=service-988299945200@gcf-admin-robot.iam.gserviceaccount.com&Expires=1591377274&Signature=eAb4zu1s5VvNAYJjm04FP%2BjotmCf3LjPMFtlzAY6FNqSfy%2F8bH2oDzV8KKlIa%2Fgf%2F6r3mzyY8VHEi5Q%2FJ7TREb5Q4UqQEcRck44692T2jJp5gt0vXucKkZaihNU%2FYDog3Ba0ffz0WIYu%2Bh%2FDAmQFfXOukszNIUZVuW4jRxtkBoS0viNGoaBmY3QF7siRgYvigBCHr3qzFpw%2BedEtwLFz5%2Fcd2bvKMCAyIEDjyv1ytHpYJj5Uodm%2Ftwngh%2FoW0vLtgsnMAlVqk8kBWq9YGxv87JV%2F5DwwBiS0snc2ZyB2luIIdlRqjcuU6cibIF%2FzcaMZ8MvDv3g9amkNxQctSI8enQ%3D%3D","name":"projects/anonibus-89f12/locations/us-central1/functions/imageUpdateFirestore","entryPoint":"imageUpdateFirestore","labels":{"deployment-tool":"cli-firebase"},"runtime":"nodejs8","environmentVariables":{"FIREBASE_CONFIG":"{\"projectId\":\"anonibus-89f12\",\"databaseURL\":\"https://anonibus-89f12.firebaseio.com\",\"storageBucket\":\"anonibus-89f12.appspot.com\",\"locationId\":\"us-central\"}"},"eventTrigger":{"resource":"projects/_/buckets/anonibus-89f12.appspot.com","eventType":"google.storage.object.finalize","service":"storage.googleapis.com"}}
[debug] [2020-06-05T16:44:34.123Z] <<< HTTP RESPONSE 200 {"content-type":"application/json; charset=UTF-8","vary":"X-Origin, Referer, Origin,Accept-Encoding","date":"Fri, 05 Jun 2020 16:44:36 GMT","server":"ESF","cache-control":"private","x-xss-protection":"0","x-frame-options":"SAMEORIGIN","x-content-type-options":"nosniff","alt-svc":"h3-27=\":443\"; ma=2592000,h3-25=\":443\"; ma=2592000,h3-T050=\":443\"; ma=2592000,h3-Q050=\":443\"; ma=2592000,h3-Q049=\":443\"; ma=2592000,h3-Q048=\":443\"; ma=2592000,h3-Q046=\":443\"; ma=2592000,h3-Q043=\":443\"; ma=2592000,quic=\":443\"; ma=2592000; v=\"46,43\"","accept-ranges":"none","transfer-encoding":"chunked"}
[debug] [2020-06-05T16:44:34.126Z] Setting public policy for function enviarMensagem
[debug] [2020-06-05T16:44:34.128Z] >>> HTTP REQUEST POST https://cloudfunctions.googleapis.com/v1/projects/anonibus-89f12/locations/us-central1/functions/enviarMensagem:setIamPolicy  
 {"policy":{"version":3,"bindings":[{"role":"roles/cloudfunctions.invoker","members":["allUsers"]}]},"updateMask":"version,bindings"}
[debug] [2020-06-05T16:44:34.291Z] <<< HTTP RESPONSE 200 {"content-type":"application/json; charset=UTF-8","vary":"X-Origin, Referer, Origin,Accept-Encoding","date":"Fri, 05 Jun 2020 16:44:36 GMT","server":"ESF","cache-control":"private","x-xss-protection":"0","x-frame-options":"SAMEORIGIN","x-content-type-options":"nosniff","alt-svc":"h3-27=\":443\"; ma=2592000,h3-25=\":443\"; ma=2592000,h3-T050=\":443\"; ma=2592000,h3-Q050=\":443\"; ma=2592000,h3-Q049=\":443\"; ma=2592000,h3-Q048=\":443\"; ma=2592000,h3-Q046=\":443\"; ma=2592000,h3-Q043=\":443\"; ma=2592000,quic=\":443\"; ma=2592000; v=\"46,43\"","accept-ranges":"none","transfer-encoding":"chunked"}
[debug] [2020-06-05T16:44:34.612Z] <<< HTTP RESPONSE 200 {"content-type":"application/json; charset=UTF-8","vary":"X-Origin, Referer, Origin,Accept-Encoding","date":"Fri, 05 Jun 2020 16:44:36 GMT","server":"ESF","cache-control":"private","x-xss-protection":"0","x-frame-options":"SAMEORIGIN","x-content-type-options":"nosniff","alt-svc":"h3-27=\":443\"; ma=2592000,h3-25=\":443\"; ma=2592000,h3-T050=\":443\"; ma=2592000,h3-Q050=\":443\"; ma=2592000,h3-Q049=\":443\"; ma=2592000,h3-Q048=\":443\"; ma=2592000,h3-Q046=\":443\"; ma=2592000,h3-Q043=\":443\"; ma=2592000,quic=\":443\"; ma=2592000; v=\"46,43\"","accept-ranges":"none","transfer-encoding":"chunked"}
[debug] [2020-06-05T16:44:34.616Z] >>> HTTP REQUEST GET https://cloudfunctions.googleapis.com/v1/projects/anonibus-89f12/locations/-/functions  
 
[debug] [2020-06-05T16:44:35.111Z] <<< HTTP RESPONSE 200 {"content-type":"application/json; charset=UTF-8","vary":"X-Origin, Referer, Origin,Accept-Encoding","date":"Fri, 05 Jun 2020 16:44:37 GMT","server":"ESF","cache-control":"private","x-xss-protection":"0","x-frame-options":"SAMEORIGIN","x-content-type-options":"nosniff","alt-svc":"h3-27=\":443\"; ma=2592000,h3-25=\":443\"; ma=2592000,h3-T050=\":443\"; ma=2592000,h3-Q050=\":443\"; ma=2592000,h3-Q049=\":443\"; ma=2592000,h3-Q048=\":443\"; ma=2592000,h3-Q046=\":443\"; ma=2592000,h3-Q043=\":443\"; ma=2592000,quic=\":443\"; ma=2592000; v=\"46,43\"","accept-ranges":"none","transfer-encoding":"chunked"}
[debug] [2020-06-05T16:44:35.115Z] >>> HTTP REQUEST GET https://cloudfunctions.googleapis.com/v1/operations/YW5vbmlidXMtODlmMTIvdXMtY2VudHJhbDEvZW52aWFyTWVuc2FnZW0vUkpNRW40dlFrM3c  
 
[debug] [2020-06-05T16:44:35.116Z] >>> HTTP REQUEST GET https://cloudfunctions.googleapis.com/v1/operations/YW5vbmlidXMtODlmMTIvdXMtY2VudHJhbDEvaW1hZ2VVcGRhdGVGaXJlc3RvcmUvbEZkdkFzcnd6VGM  
 
[debug] [2020-06-05T16:44:35.421Z] <<< HTTP RESPONSE 200 {"content-type":"application/json; charset=UTF-8","vary":"X-Origin, Referer, Origin,Accept-Encoding","date":"Fri, 05 Jun 2020 16:44:37 GMT","server":"ESF","cache-control":"private","x-xss-protection":"0","x-frame-options":"SAMEORIGIN","x-content-type-options":"nosniff","alt-svc":"h3-27=\":443\"; ma=2592000,h3-25=\":443\"; ma=2592000,h3-T050=\":443\"; ma=2592000,h3-Q050=\":443\"; ma=2592000,h3-Q049=\":443\"; ma=2592000,h3-Q048=\":443\"; ma=2592000,h3-Q046=\":443\"; ma=2592000,h3-Q043=\":443\"; ma=2592000,quic=\":443\"; ma=2592000; v=\"46,43\"","accept-ranges":"none","transfer-encoding":"chunked"}
[debug] [2020-06-05T16:44:36.153Z] <<< HTTP RESPONSE 200 {"content-type":"application/json; charset=UTF-8","vary":"X-Origin, Referer, Origin,Accept-Encoding","date":"Fri, 05 Jun 2020 16:44:38 GMT","server":"ESF","cache-control":"private","x-xss-protection":"0","x-frame-options":"SAMEORIGIN","x-content-type-options":"nosniff","alt-svc":"h3-27=\":443\"; ma=2592000,h3-25=\":443\"; ma=2592000,h3-T050=\":443\"; ma=2592000,h3-Q050=\":443\"; ma=2592000,h3-Q049=\":443\"; ma=2592000,h3-Q048=\":443\"; ma=2592000,h3-Q046=\":443\"; ma=2592000,h3-Q043=\":443\"; ma=2592000,quic=\":443\"; ma=2592000; v=\"46,43\"","accept-ranges":"none","transfer-encoding":"chunked"}
[debug] [2020-06-05T16:44:37.425Z] >>> HTTP REQUEST GET https://cloudfunctions.googleapis.com/v1/operations/YW5vbmlidXMtODlmMTIvdXMtY2VudHJhbDEvZW52aWFyTWVuc2FnZW0vUkpNRW40dlFrM3c  
 
[debug] [2020-06-05T16:44:38.156Z] >>> HTTP REQUEST GET https://cloudfunctions.googleapis.com/v1/operations/YW5vbmlidXMtODlmMTIvdXMtY2VudHJhbDEvaW1hZ2VVcGRhdGVGaXJlc3RvcmUvbEZkdkFzcnd6VGM  
 
[debug] [2020-06-05T16:44:38.443Z] <<< HTTP RESPONSE 200 {"content-type":"application/json; charset=UTF-8","vary":"X-Origin, Referer, Origin,Accept-Encoding","date":"Fri, 05 Jun 2020 16:44:40 GMT","server":"ESF","cache-control":"private","x-xss-protection":"0","x-frame-options":"SAMEORIGIN","x-content-type-options":"nosniff","alt-svc":"h3-27=\":443\"; ma=2592000,h3-25=\":443\"; ma=2592000,h3-T050=\":443\"; ma=2592000,h3-Q050=\":443\"; ma=2592000,h3-Q049=\":443\"; ma=2592000,h3-Q048=\":443\"; ma=2592000,h3-Q046=\":443\"; ma=2592000,h3-Q043=\":443\"; ma=2592000,quic=\":443\"; ma=2592000; v=\"46,43\"","accept-ranges":"none","transfer-encoding":"chunked"}
[debug] [2020-06-05T16:44:39.170Z] <<< HTTP RESPONSE 200 {"content-type":"application/json; charset=UTF-8","vary":"X-Origin, Referer, Origin,Accept-Encoding","date":"Fri, 05 Jun 2020 16:44:41 GMT","server":"ESF","cache-control":"private","x-xss-protection":"0","x-frame-options":"SAMEORIGIN","x-content-type-options":"nosniff","alt-svc":"h3-27=\":443\"; ma=2592000,h3-25=\":443\"; ma=2592000,h3-T050=\":443\"; ma=2592000,h3-Q050=\":443\"; ma=2592000,h3-Q049=\":443\"; ma=2592000,h3-Q048=\":443\"; ma=2592000,h3-Q046=\":443\"; ma=2592000,h3-Q043=\":443\"; ma=2592000,quic=\":443\"; ma=2592000; v=\"46,43\"","accept-ranges":"none","transfer-encoding":"chunked"}
[debug] [2020-06-05T16:44:40.446Z] >>> HTTP REQUEST GET https://cloudfunctions.googleapis.com/v1/operations/YW5vbmlidXMtODlmMTIvdXMtY2VudHJhbDEvZW52aWFyTWVuc2FnZW0vUkpNRW40dlFrM3c  
 
[debug] [2020-06-05T16:44:41.174Z] >>> HTTP REQUEST GET https://cloudfunctions.googleapis.com/v1/operations/YW5vbmlidXMtODlmMTIvdXMtY2VudHJhbDEvaW1hZ2VVcGRhdGVGaXJlc3RvcmUvbEZkdkFzcnd6VGM  
 
[debug] [2020-06-05T16:44:41.491Z] <<< HTTP RESPONSE 200 {"content-type":"application/json; charset=UTF-8","vary":"X-Origin, Referer, Origin,Accept-Encoding","date":"Fri, 05 Jun 2020 16:44:43 GMT","server":"ESF","cache-control":"private","x-xss-protection":"0","x-frame-options":"SAMEORIGIN","x-content-type-options":"nosniff","alt-svc":"h3-27=\":443\"; ma=2592000,h3-25=\":443\"; ma=2592000,h3-T050=\":443\"; ma=2592000,h3-Q050=\":443\"; ma=2592000,h3-Q049=\":443\"; ma=2592000,h3-Q048=\":443\"; ma=2592000,h3-Q046=\":443\"; ma=2592000,h3-Q043=\":443\"; ma=2592000,quic=\":443\"; ma=2592000; v=\"46,43\"","accept-ranges":"none","transfer-encoding":"chunked"}
[debug] [2020-06-05T16:44:42.192Z] <<< HTTP RESPONSE 200 {"content-type":"application/json; charset=UTF-8","vary":"X-Origin, Referer, Origin,Accept-Encoding","date":"Fri, 05 Jun 2020 16:44:44 GMT","server":"ESF","cache-control":"private","x-xss-protection":"0","x-frame-options":"SAMEORIGIN","x-content-type-options":"nosniff","alt-svc":"h3-27=\":443\"; ma=2592000,h3-25=\":443\"; ma=2592000,h3-T050=\":443\"; ma=2592000,h3-Q050=\":443\"; ma=2592000,h3-Q049=\":443\"; ma=2592000,h3-Q048=\":443\"; ma=2592000,h3-Q046=\":443\"; ma=2592000,h3-Q043=\":443\"; ma=2592000,quic=\":443\"; ma=2592000; v=\"46,43\"","accept-ranges":"none","transfer-encoding":"chunked"}
[debug] [2020-06-05T16:44:43.495Z] >>> HTTP REQUEST GET https://cloudfunctions.googleapis.com/v1/operations/YW5vbmlidXMtODlmMTIvdXMtY2VudHJhbDEvZW52aWFyTWVuc2FnZW0vUkpNRW40dlFrM3c  
 
[debug] [2020-06-05T16:44:44.200Z] >>> HTTP REQUEST GET https://cloudfunctions.googleapis.com/v1/operations/YW5vbmlidXMtODlmMTIvdXMtY2VudHJhbDEvaW1hZ2VVcGRhdGVGaXJlc3RvcmUvbEZkdkFzcnd6VGM  
 
[debug] [2020-06-05T16:44:44.508Z] <<< HTTP RESPONSE 200 {"content-type":"application/json; charset=UTF-8","vary":"X-Origin, Referer, Origin,Accept-Encoding","date":"Fri, 05 Jun 2020 16:44:46 GMT","server":"ESF","cache-control":"private","x-xss-protection":"0","x-frame-options":"SAMEORIGIN","x-content-type-options":"nosniff","alt-svc":"h3-27=\":443\"; ma=2592000,h3-25=\":443\"; ma=2592000,h3-T050=\":443\"; ma=2592000,h3-Q050=\":443\"; ma=2592000,h3-Q049=\":443\"; ma=2592000,h3-Q048=\":443\"; ma=2592000,h3-Q046=\":443\"; ma=2592000,h3-Q043=\":443\"; ma=2592000,quic=\":443\"; ma=2592000; v=\"46,43\"","accept-ranges":"none","transfer-encoding":"chunked"}
[debug] [2020-06-05T16:44:44.539Z] <<< HTTP RESPONSE 200 {"content-type":"application/json; charset=UTF-8","vary":"X-Origin, Referer, Origin,Accept-Encoding","date":"Fri, 05 Jun 2020 16:44:46 GMT","server":"ESF","cache-control":"private","x-xss-protection":"0","x-frame-options":"SAMEORIGIN","x-content-type-options":"nosniff","alt-svc":"h3-27=\":443\"; ma=2592000,h3-25=\":443\"; ma=2592000,h3-T050=\":443\"; ma=2592000,h3-Q050=\":443\"; ma=2592000,h3-Q049=\":443\"; ma=2592000,h3-Q048=\":443\"; ma=2592000,h3-Q046=\":443\"; ma=2592000,h3-Q043=\":443\"; ma=2592000,quic=\":443\"; ma=2592000; v=\"46,43\"","accept-ranges":"none","transfer-encoding":"chunked"}
[debug] [2020-06-05T16:44:46.512Z] >>> HTTP REQUEST GET https://cloudfunctions.googleapis.com/v1/operations/YW5vbmlidXMtODlmMTIvdXMtY2VudHJhbDEvaW1hZ2VVcGRhdGVGaXJlc3RvcmUvbEZkdkFzcnd6VGM  
 
[debug] [2020-06-05T16:44:46.543Z] >>> HTTP REQUEST GET https://cloudfunctions.googleapis.com/v1/operations/YW5vbmlidXMtODlmMTIvdXMtY2VudHJhbDEvZW52aWFyTWVuc2FnZW0vUkpNRW40dlFrM3c  
 
[debug] [2020-06-05T16:44:46.839Z] <<< HTTP RESPONSE 200 {"content-type":"application/json; charset=UTF-8","vary":"X-Origin, Referer, Origin,Accept-Encoding","date":"Fri, 05 Jun 2020 16:44:49 GMT","server":"ESF","cache-control":"private","x-xss-protection":"0","x-frame-options":"SAMEORIGIN","x-content-type-options":"nosniff","alt-svc":"h3-27=\":443\"; ma=2592000,h3-25=\":443\"; ma=2592000,h3-T050=\":443\"; ma=2592000,h3-Q050=\":443\"; ma=2592000,h3-Q049=\":443\"; ma=2592000,h3-Q048=\":443\"; ma=2592000,h3-Q046=\":443\"; ma=2592000,h3-Q043=\":443\"; ma=2592000,quic=\":443\"; ma=2592000; v=\"46,43\"","accept-ranges":"none","transfer-encoding":"chunked"}
[debug] [2020-06-05T16:44:46.854Z] <<< HTTP RESPONSE 200 {"content-type":"application/json; charset=UTF-8","vary":"X-Origin, Referer, Origin,Accept-Encoding","date":"Fri, 05 Jun 2020 16:44:49 GMT","server":"ESF","cache-control":"private","x-xss-protection":"0","x-frame-options":"SAMEORIGIN","x-content-type-options":"nosniff","alt-svc":"h3-27=\":443\"; ma=2592000,h3-25=\":443\"; ma=2592000,h3-T050=\":443\"; ma=2592000,h3-Q050=\":443\"; ma=2592000,h3-Q049=\":443\"; ma=2592000,h3-Q048=\":443\"; ma=2592000,h3-Q046=\":443\"; ma=2592000,h3-Q043=\":443\"; ma=2592000,quic=\":443\"; ma=2592000; v=\"46,43\"","accept-ranges":"none","transfer-encoding":"chunked"}
[debug] [2020-06-05T16:44:48.842Z] >>> HTTP REQUEST GET https://cloudfunctions.googleapis.com/v1/operations/YW5vbmlidXMtODlmMTIvdXMtY2VudHJhbDEvaW1hZ2VVcGRhdGVGaXJlc3RvcmUvbEZkdkFzcnd6VGM  
 
[debug] [2020-06-05T16:44:48.857Z] >>> HTTP REQUEST GET https://cloudfunctions.googleapis.com/v1/operations/YW5vbmlidXMtODlmMTIvdXMtY2VudHJhbDEvZW52aWFyTWVuc2FnZW0vUkpNRW40dlFrM3c  
 
[debug] [2020-06-05T16:44:50.034Z] <<< HTTP RESPONSE 200 {"content-type":"application/json; charset=UTF-8","vary":"X-Origin, Referer, Origin,Accept-Encoding","date":"Fri, 05 Jun 2020 16:44:52 GMT","server":"ESF","cache-control":"private","x-xss-protection":"0","x-frame-options":"SAMEORIGIN","x-content-type-options":"nosniff","alt-svc":"h3-27=\":443\"; ma=2592000,h3-25=\":443\"; ma=2592000,h3-T050=\":443\"; ma=2592000,h3-Q050=\":443\"; ma=2592000,h3-Q049=\":443\"; ma=2592000,h3-Q048=\":443\"; ma=2592000,h3-Q046=\":443\"; ma=2592000,h3-Q043=\":443\"; ma=2592000,quic=\":443\"; ma=2592000; v=\"46,43\"","accept-ranges":"none","transfer-encoding":"chunked"}
[debug] [2020-06-05T16:44:50.039Z] <<< HTTP RESPONSE 200 {"content-type":"application/json; charset=UTF-8","vary":"X-Origin, Referer, Origin,Accept-Encoding","date":"Fri, 05 Jun 2020 16:44:52 GMT","server":"ESF","cache-control":"private","x-xss-protection":"0","x-frame-options":"SAMEORIGIN","x-content-type-options":"nosniff","alt-svc":"h3-27=\":443\"; ma=2592000,h3-25=\":443\"; ma=2592000,h3-T050=\":443\"; ma=2592000,h3-Q050=\":443\"; ma=2592000,h3-Q049=\":443\"; ma=2592000,h3-Q048=\":443\"; ma=2592000,h3-Q046=\":443\"; ma=2592000,h3-Q043=\":443\"; ma=2592000,quic=\":443\"; ma=2592000; v=\"46,43\"","accept-ranges":"none","transfer-encoding":"chunked"}
[debug] [2020-06-05T16:44:52.038Z] >>> HTTP REQUEST GET https://cloudfunctions.googleapis.com/v1/operations/YW5vbmlidXMtODlmMTIvdXMtY2VudHJhbDEvZW52aWFyTWVuc2FnZW0vUkpNRW40dlFrM3c  
 
[debug] [2020-06-05T16:44:52.041Z] >>> HTTP REQUEST GET https://cloudfunctions.googleapis.com/v1/operations/YW5vbmlidXMtODlmMTIvdXMtY2VudHJhbDEvaW1hZ2VVcGRhdGVGaXJlc3RvcmUvbEZkdkFzcnd6VGM  
 
[debug] [2020-06-05T16:44:52.347Z] <<< HTTP RESPONSE 200 {"content-type":"application/json; charset=UTF-8","vary":"X-Origin, Referer, Origin,Accept-Encoding","date":"Fri, 05 Jun 2020 16:44:54 GMT","server":"ESF","cache-control":"private","x-xss-protection":"0","x-frame-options":"SAMEORIGIN","x-content-type-options":"nosniff","alt-svc":"h3-27=\":443\"; ma=2592000,h3-25=\":443\"; ma=2592000,h3-T050=\":443\"; ma=2592000,h3-Q050=\":443\"; ma=2592000,h3-Q049=\":443\"; ma=2592000,h3-Q048=\":443\"; ma=2592000,h3-Q046=\":443\"; ma=2592000,h3-Q043=\":443\"; ma=2592000,quic=\":443\"; ma=2592000; v=\"46,43\"","accept-ranges":"none","transfer-encoding":"chunked"}
[debug] [2020-06-05T16:44:53.083Z] <<< HTTP RESPONSE 200 {"content-type":"application/json; charset=UTF-8","vary":"X-Origin, Referer, Origin,Accept-Encoding","date":"Fri, 05 Jun 2020 16:44:55 GMT","server":"ESF","cache-control":"private","x-xss-protection":"0","x-frame-options":"SAMEORIGIN","x-content-type-options":"nosniff","alt-svc":"h3-27=\":443\"; ma=2592000,h3-25=\":443\"; ma=2592000,h3-T050=\":443\"; ma=2592000,h3-Q050=\":443\"; ma=2592000,h3-Q049=\":443\"; ma=2592000,h3-Q048=\":443\"; ma=2592000,h3-Q046=\":443\"; ma=2592000,h3-Q043=\":443\"; ma=2592000,quic=\":443\"; ma=2592000; v=\"46,43\"","accept-ranges":"none","transfer-encoding":"chunked"}
[debug] [2020-06-05T16:44:54.350Z] >>> HTTP REQUEST GET https://cloudfunctions.googleapis.com/v1/operations/YW5vbmlidXMtODlmMTIvdXMtY2VudHJhbDEvaW1hZ2VVcGRhdGVGaXJlc3RvcmUvbEZkdkFzcnd6VGM  
 
[debug] [2020-06-05T16:44:55.085Z] >>> HTTP REQUEST GET https://cloudfunctions.googleapis.com/v1/operations/YW5vbmlidXMtODlmMTIvdXMtY2VudHJhbDEvZW52aWFyTWVuc2FnZW0vUkpNRW40dlFrM3c  
 
[debug] [2020-06-05T16:44:55.387Z] <<< HTTP RESPONSE 200 {"content-type":"application/json; charset=UTF-8","vary":"X-Origin, Referer, Origin,Accept-Encoding","date":"Fri, 05 Jun 2020 16:44:57 GMT","server":"ESF","cache-control":"private","x-xss-protection":"0","x-frame-options":"SAMEORIGIN","x-content-type-options":"nosniff","alt-svc":"h3-27=\":443\"; ma=2592000,h3-25=\":443\"; ma=2592000,h3-T050=\":443\"; ma=2592000,h3-Q050=\":443\"; ma=2592000,h3-Q049=\":443\"; ma=2592000,h3-Q048=\":443\"; ma=2592000,h3-Q046=\":443\"; ma=2592000,h3-Q043=\":443\"; ma=2592000,quic=\":443\"; ma=2592000; v=\"46,43\"","accept-ranges":"none","transfer-encoding":"chunked"}
[debug] [2020-06-05T16:44:56.127Z] <<< HTTP RESPONSE 200 {"content-type":"application/json; charset=UTF-8","vary":"X-Origin, Referer, Origin,Accept-Encoding","date":"Fri, 05 Jun 2020 16:44:58 GMT","server":"ESF","cache-control":"private","x-xss-protection":"0","x-frame-options":"SAMEORIGIN","x-content-type-options":"nosniff","alt-svc":"h3-27=\":443\"; ma=2592000,h3-25=\":443\"; ma=2592000,h3-T050=\":443\"; ma=2592000,h3-Q050=\":443\"; ma=2592000,h3-Q049=\":443\"; ma=2592000,h3-Q048=\":443\"; ma=2592000,h3-Q046=\":443\"; ma=2592000,h3-Q043=\":443\"; ma=2592000,quic=\":443\"; ma=2592000; v=\"46,43\"","accept-ranges":"none","transfer-encoding":"chunked"}
[debug] [2020-06-05T16:44:57.390Z] >>> HTTP REQUEST GET https://cloudfunctions.googleapis.com/v1/operations/YW5vbmlidXMtODlmMTIvdXMtY2VudHJhbDEvaW1hZ2VVcGRhdGVGaXJlc3RvcmUvbEZkdkFzcnd6VGM  
 
[debug] [2020-06-05T16:44:57.703Z] <<< HTTP RESPONSE 200 {"content-type":"application/json; charset=UTF-8","vary":"X-Origin, Referer, Origin,Accept-Encoding","date":"Fri, 05 Jun 2020 16:45:00 GMT","server":"ESF","cache-control":"private","x-xss-protection":"0","x-frame-options":"SAMEORIGIN","x-content-type-options":"nosniff","alt-svc":"h3-27=\":443\"; ma=2592000,h3-25=\":443\"; ma=2592000,h3-T050=\":443\"; ma=2592000,h3-Q050=\":443\"; ma=2592000,h3-Q049=\":443\"; ma=2592000,h3-Q048=\":443\"; ma=2592000,h3-Q046=\":443\"; ma=2592000,h3-Q043=\":443\"; ma=2592000,quic=\":443\"; ma=2592000; v=\"46,43\"","accept-ranges":"none","transfer-encoding":"chunked"}
[debug] [2020-06-05T16:44:58.130Z] >>> HTTP REQUEST GET https://cloudfunctions.googleapis.com/v1/operations/YW5vbmlidXMtODlmMTIvdXMtY2VudHJhbDEvZW52aWFyTWVuc2FnZW0vUkpNRW40dlFrM3c  
 
[debug] [2020-06-05T16:44:59.168Z] <<< HTTP RESPONSE 200 {"content-type":"application/json; charset=UTF-8","vary":"X-Origin, Referer, Origin,Accept-Encoding","date":"Fri, 05 Jun 2020 16:45:01 GMT","server":"ESF","cache-control":"private","x-xss-protection":"0","x-frame-options":"SAMEORIGIN","x-content-type-options":"nosniff","alt-svc":"h3-27=\":443\"; ma=2592000,h3-25=\":443\"; ma=2592000,h3-T050=\":443\"; ma=2592000,h3-Q050=\":443\"; ma=2592000,h3-Q049=\":443\"; ma=2592000,h3-Q048=\":443\"; ma=2592000,h3-Q046=\":443\"; ma=2592000,h3-Q043=\":443\"; ma=2592000,quic=\":443\"; ma=2592000; v=\"46,43\"","accept-ranges":"none","transfer-encoding":"chunked"}
[debug] [2020-06-05T16:44:59.706Z] >>> HTTP REQUEST GET https://cloudfunctions.googleapis.com/v1/operations/YW5vbmlidXMtODlmMTIvdXMtY2VudHJhbDEvaW1hZ2VVcGRhdGVGaXJlc3RvcmUvbEZkdkFzcnd6VGM  
 
[debug] [2020-06-05T16:45:00.887Z] <<< HTTP RESPONSE 200 {"content-type":"application/json; charset=UTF-8","vary":"X-Origin, Referer, Origin,Accept-Encoding","date":"Fri, 05 Jun 2020 16:45:03 GMT","server":"ESF","cache-control":"private","x-xss-protection":"0","x-frame-options":"SAMEORIGIN","x-content-type-options":"nosniff","alt-svc":"h3-27=\":443\"; ma=2592000,h3-25=\":443\"; ma=2592000,h3-T050=\":443\"; ma=2592000,h3-Q050=\":443\"; ma=2592000,h3-Q049=\":443\"; ma=2592000,h3-Q048=\":443\"; ma=2592000,h3-Q046=\":443\"; ma=2592000,h3-Q043=\":443\"; ma=2592000,quic=\":443\"; ma=2592000; v=\"46,43\"","accept-ranges":"none","transfer-encoding":"chunked"}
[debug] [2020-06-05T16:45:01.171Z] >>> HTTP REQUEST GET https://cloudfunctions.googleapis.com/v1/operations/YW5vbmlidXMtODlmMTIvdXMtY2VudHJhbDEvZW52aWFyTWVuc2FnZW0vUkpNRW40dlFrM3c  
 
[debug] [2020-06-05T16:45:02.227Z] <<< HTTP RESPONSE 200 {"content-type":"application/json; charset=UTF-8","vary":"X-Origin, Referer, Origin,Accept-Encoding","date":"Fri, 05 Jun 2020 16:45:04 GMT","server":"ESF","cache-control":"private","x-xss-protection":"0","x-frame-options":"SAMEORIGIN","x-content-type-options":"nosniff","alt-svc":"h3-27=\":443\"; ma=2592000,h3-25=\":443\"; ma=2592000,h3-T050=\":443\"; ma=2592000,h3-Q050=\":443\"; ma=2592000,h3-Q049=\":443\"; ma=2592000,h3-Q048=\":443\"; ma=2592000,h3-Q046=\":443\"; ma=2592000,h3-Q043=\":443\"; ma=2592000,quic=\":443\"; ma=2592000; v=\"46,43\"","accept-ranges":"none","transfer-encoding":"chunked"}
[debug] [2020-06-05T16:45:02.890Z] >>> HTTP REQUEST GET https://cloudfunctions.googleapis.com/v1/operations/YW5vbmlidXMtODlmMTIvdXMtY2VudHJhbDEvaW1hZ2VVcGRhdGVGaXJlc3RvcmUvbEZkdkFzcnd6VGM  
 
[debug] [2020-06-05T16:45:03.191Z] <<< HTTP RESPONSE 200 {"content-type":"application/json; charset=UTF-8","vary":"X-Origin, Referer, Origin,Accept-Encoding","date":"Fri, 05 Jun 2020 16:45:05 GMT","server":"ESF","cache-control":"private","x-xss-protection":"0","x-frame-options":"SAMEORIGIN","x-content-type-options":"nosniff","alt-svc":"h3-27=\":443\"; ma=2592000,h3-25=\":443\"; ma=2592000,h3-T050=\":443\"; ma=2592000,h3-Q050=\":443\"; ma=2592000,h3-Q049=\":443\"; ma=2592000,h3-Q048=\":443\"; ma=2592000,h3-Q046=\":443\"; ma=2592000,h3-Q043=\":443\"; ma=2592000,quic=\":443\"; ma=2592000; v=\"46,43\"","accept-ranges":"none","transfer-encoding":"chunked"}
[debug] [2020-06-05T16:45:04.230Z] >>> HTTP REQUEST GET https://cloudfunctions.googleapis.com/v1/operations/YW5vbmlidXMtODlmMTIvdXMtY2VudHJhbDEvZW52aWFyTWVuc2FnZW0vUkpNRW40dlFrM3c  
 
[debug] [2020-06-05T16:45:05.194Z] >>> HTTP REQUEST GET https://cloudfunctions.googleapis.com/v1/operations/YW5vbmlidXMtODlmMTIvdXMtY2VudHJhbDEvaW1hZ2VVcGRhdGVGaXJlc3RvcmUvbEZkdkFzcnd6VGM  
 
[debug] [2020-06-05T16:45:05.250Z] <<< HTTP RESPONSE 200 {"content-type":"application/json; charset=UTF-8","vary":"X-Origin, Referer, Origin,Accept-Encoding","date":"Fri, 05 Jun 2020 16:45:07 GMT","server":"ESF","cache-control":"private","x-xss-protection":"0","x-frame-options":"SAMEORIGIN","x-content-type-options":"nosniff","alt-svc":"h3-27=\":443\"; ma=2592000,h3-25=\":443\"; ma=2592000,h3-T050=\":443\"; ma=2592000,h3-Q050=\":443\"; ma=2592000,h3-Q049=\":443\"; ma=2592000,h3-Q048=\":443\"; ma=2592000,h3-Q046=\":443\"; ma=2592000,h3-Q043=\":443\"; ma=2592000,quic=\":443\"; ma=2592000; v=\"46,43\"","accept-ranges":"none","transfer-encoding":"chunked"}
[debug] [2020-06-05T16:45:06.371Z] <<< HTTP RESPONSE 200 {"content-type":"application/json; charset=UTF-8","vary":"X-Origin, Referer, Origin,Accept-Encoding","date":"Fri, 05 Jun 2020 16:45:08 GMT","server":"ESF","cache-control":"private","x-xss-protection":"0","x-frame-options":"SAMEORIGIN","x-content-type-options":"nosniff","alt-svc":"h3-27=\":443\"; ma=2592000,h3-25=\":443\"; ma=2592000,h3-T050=\":443\"; ma=2592000,h3-Q050=\":443\"; ma=2592000,h3-Q049=\":443\"; ma=2592000,h3-Q048=\":443\"; ma=2592000,h3-Q046=\":443\"; ma=2592000,h3-Q043=\":443\"; ma=2592000,quic=\":443\"; ma=2592000; v=\"46,43\"","accept-ranges":"none","transfer-encoding":"chunked"}
[debug] [2020-06-05T16:45:07.254Z] >>> HTTP REQUEST GET https://cloudfunctions.googleapis.com/v1/operations/YW5vbmlidXMtODlmMTIvdXMtY2VudHJhbDEvZW52aWFyTWVuc2FnZW0vUkpNRW40dlFrM3c  
 
[debug] [2020-06-05T16:45:08.373Z] >>> HTTP REQUEST GET https://cloudfunctions.googleapis.com/v1/operations/YW5vbmlidXMtODlmMTIvdXMtY2VudHJhbDEvaW1hZ2VVcGRhdGVGaXJlc3RvcmUvbEZkdkFzcnd6VGM  
 
[debug] [2020-06-05T16:45:08.435Z] <<< HTTP RESPONSE 200 {"content-type":"application/json; charset=UTF-8","vary":"X-Origin, Referer, Origin,Accept-Encoding","date":"Fri, 05 Jun 2020 16:45:10 GMT","server":"ESF","cache-control":"private","x-xss-protection":"0","x-frame-options":"SAMEORIGIN","x-content-type-options":"nosniff","alt-svc":"h3-27=\":443\"; ma=2592000,h3-25=\":443\"; ma=2592000,h3-T050=\":443\"; ma=2592000,h3-Q050=\":443\"; ma=2592000,h3-Q049=\":443\"; ma=2592000,h3-Q048=\":443\"; ma=2592000,h3-Q046=\":443\"; ma=2592000,h3-Q043=\":443\"; ma=2592000,quic=\":443\"; ma=2592000; v=\"46,43\"","accept-ranges":"none","transfer-encoding":"chunked"}
[debug] [2020-06-05T16:45:09.402Z] <<< HTTP RESPONSE 200 {"content-type":"application/json; charset=UTF-8","vary":"X-Origin, Referer, Origin,Accept-Encoding","date":"Fri, 05 Jun 2020 16:45:11 GMT","server":"ESF","cache-control":"private","x-xss-protection":"0","x-frame-options":"SAMEORIGIN","x-content-type-options":"nosniff","alt-svc":"h3-27=\":443\"; ma=2592000,h3-25=\":443\"; ma=2592000,h3-T050=\":443\"; ma=2592000,h3-Q050=\":443\"; ma=2592000,h3-Q049=\":443\"; ma=2592000,h3-Q048=\":443\"; ma=2592000,h3-Q046=\":443\"; ma=2592000,h3-Q043=\":443\"; ma=2592000,quic=\":443\"; ma=2592000; v=\"46,43\"","accept-ranges":"none","transfer-encoding":"chunked"}
[debug] [2020-06-05T16:45:10.439Z] >>> HTTP REQUEST GET https://cloudfunctions.googleapis.com/v1/operations/YW5vbmlidXMtODlmMTIvdXMtY2VudHJhbDEvZW52aWFyTWVuc2FnZW0vUkpNRW40dlFrM3c  
 
[debug] [2020-06-05T16:45:11.405Z] >>> HTTP REQUEST GET https://cloudfunctions.googleapis.com/v1/operations/YW5vbmlidXMtODlmMTIvdXMtY2VudHJhbDEvaW1hZ2VVcGRhdGVGaXJlc3RvcmUvbEZkdkFzcnd6VGM  
 
[debug] [2020-06-05T16:45:11.461Z] <<< HTTP RESPONSE 200 {"content-type":"application/json; charset=UTF-8","vary":"X-Origin, Referer, Origin,Accept-Encoding","date":"Fri, 05 Jun 2020 16:45:13 GMT","server":"ESF","cache-control":"private","x-xss-protection":"0","x-frame-options":"SAMEORIGIN","x-content-type-options":"nosniff","alt-svc":"h3-27=\":443\"; ma=2592000,h3-25=\":443\"; ma=2592000,h3-T050=\":443\"; ma=2592000,h3-Q050=\":443\"; ma=2592000,h3-Q049=\":443\"; ma=2592000,h3-Q048=\":443\"; ma=2592000,h3-Q046=\":443\"; ma=2592000,h3-Q043=\":443\"; ma=2592000,quic=\":443\"; ma=2592000; v=\"46,43\"","accept-ranges":"none","transfer-encoding":"chunked"}
[debug] [2020-06-05T16:45:11.730Z] <<< HTTP RESPONSE 200 {"content-type":"application/json; charset=UTF-8","vary":"X-Origin, Referer, Origin,Accept-Encoding","date":"Fri, 05 Jun 2020 16:45:14 GMT","server":"ESF","cache-control":"private","x-xss-protection":"0","x-frame-options":"SAMEORIGIN","x-content-type-options":"nosniff","alt-svc":"h3-27=\":443\"; ma=2592000,h3-25=\":443\"; ma=2592000,h3-T050=\":443\"; ma=2592000,h3-Q050=\":443\"; ma=2592000,h3-Q049=\":443\"; ma=2592000,h3-Q048=\":443\"; ma=2592000,h3-Q046=\":443\"; ma=2592000,h3-Q043=\":443\"; ma=2592000,quic=\":443\"; ma=2592000; v=\"46,43\"","accept-ranges":"none","transfer-encoding":"chunked"}
[debug] [2020-06-05T16:45:13.464Z] >>> HTTP REQUEST GET https://cloudfunctions.googleapis.com/v1/operations/YW5vbmlidXMtODlmMTIvdXMtY2VudHJhbDEvZW52aWFyTWVuc2FnZW0vUkpNRW40dlFrM3c  
 
[debug] [2020-06-05T16:45:13.734Z] >>> HTTP REQUEST GET https://cloudfunctions.googleapis.com/v1/operations/YW5vbmlidXMtODlmMTIvdXMtY2VudHJhbDEvaW1hZ2VVcGRhdGVGaXJlc3RvcmUvbEZkdkFzcnd6VGM  
 
[debug] [2020-06-05T16:45:13.796Z] <<< HTTP RESPONSE 200 {"content-type":"application/json; charset=UTF-8","vary":"X-Origin, Referer, Origin,Accept-Encoding","date":"Fri, 05 Jun 2020 16:45:16 GMT","server":"ESF","cache-control":"private","x-xss-protection":"0","x-frame-options":"SAMEORIGIN","x-content-type-options":"nosniff","alt-svc":"h3-27=\":443\"; ma=2592000,h3-25=\":443\"; ma=2592000,h3-T050=\":443\"; ma=2592000,h3-Q050=\":443\"; ma=2592000,h3-Q049=\":443\"; ma=2592000,h3-Q048=\":443\"; ma=2592000,h3-Q046=\":443\"; ma=2592000,h3-Q043=\":443\"; ma=2592000,quic=\":443\"; ma=2592000; v=\"46,43\"","accept-ranges":"none","transfer-encoding":"chunked"}
[debug] [2020-06-05T16:45:14.054Z] <<< HTTP RESPONSE 200 {"content-type":"application/json; charset=UTF-8","vary":"X-Origin, Referer, Origin,Accept-Encoding","date":"Fri, 05 Jun 2020 16:45:16 GMT","server":"ESF","cache-control":"private","x-xss-protection":"0","x-frame-options":"SAMEORIGIN","x-content-type-options":"nosniff","alt-svc":"h3-27=\":443\"; ma=2592000,h3-25=\":443\"; ma=2592000,h3-T050=\":443\"; ma=2592000,h3-Q050=\":443\"; ma=2592000,h3-Q049=\":443\"; ma=2592000,h3-Q048=\":443\"; ma=2592000,h3-Q046=\":443\"; ma=2592000,h3-Q043=\":443\"; ma=2592000,quic=\":443\"; ma=2592000; v=\"46,43\"","accept-ranges":"none","transfer-encoding":"chunked"}
[debug] [2020-06-05T16:45:15.801Z] >>> HTTP REQUEST GET https://cloudfunctions.googleapis.com/v1/operations/YW5vbmlidXMtODlmMTIvdXMtY2VudHJhbDEvZW52aWFyTWVuc2FnZW0vUkpNRW40dlFrM3c  
 
[debug] [2020-06-05T16:45:16.059Z] >>> HTTP REQUEST GET https://cloudfunctions.googleapis.com/v1/operations/YW5vbmlidXMtODlmMTIvdXMtY2VudHJhbDEvaW1hZ2VVcGRhdGVGaXJlc3RvcmUvbEZkdkFzcnd6VGM  
 
[debug] [2020-06-05T16:45:16.103Z] <<< HTTP RESPONSE 200 {"content-type":"application/json; charset=UTF-8","vary":"X-Origin, Referer, Origin,Accept-Encoding","date":"Fri, 05 Jun 2020 16:45:18 GMT","server":"ESF","cache-control":"private","x-xss-protection":"0","x-frame-options":"SAMEORIGIN","x-content-type-options":"nosniff","alt-svc":"h3-27=\":443\"; ma=2592000,h3-25=\":443\"; ma=2592000,h3-T050=\":443\"; ma=2592000,h3-Q050=\":443\"; ma=2592000,h3-Q049=\":443\"; ma=2592000,h3-Q048=\":443\"; ma=2592000,h3-Q046=\":443\"; ma=2592000,h3-Q043=\":443\"; ma=2592000,quic=\":443\"; ma=2592000; v=\"46,43\"","accept-ranges":"none","transfer-encoding":"chunked"}
[debug] [2020-06-05T16:45:17.251Z] <<< HTTP RESPONSE 200 {"content-type":"application/json; charset=UTF-8","vary":"X-Origin, Referer, Origin,Accept-Encoding","date":"Fri, 05 Jun 2020 16:45:19 GMT","server":"ESF","cache-control":"private","x-xss-protection":"0","x-frame-options":"SAMEORIGIN","x-content-type-options":"nosniff","alt-svc":"h3-27=\":443\"; ma=2592000,h3-25=\":443\"; ma=2592000,h3-T050=\":443\"; ma=2592000,h3-Q050=\":443\"; ma=2592000,h3-Q049=\":443\"; ma=2592000,h3-Q048=\":443\"; ma=2592000,h3-Q046=\":443\"; ma=2592000,h3-Q043=\":443\"; ma=2592000,quic=\":443\"; ma=2592000; v=\"46,43\"","accept-ranges":"none","transfer-encoding":"chunked"}
[debug] [2020-06-05T16:45:18.107Z] >>> HTTP REQUEST GET https://cloudfunctions.googleapis.com/v1/operations/YW5vbmlidXMtODlmMTIvdXMtY2VudHJhbDEvZW52aWFyTWVuc2FnZW0vUkpNRW40dlFrM3c  
 
[debug] [2020-06-05T16:45:19.131Z] <<< HTTP RESPONSE 200 {"content-type":"application/json; charset=UTF-8","vary":"X-Origin, Referer, Origin,Accept-Encoding","date":"Fri, 05 Jun 2020 16:45:21 GMT","server":"ESF","cache-control":"private","x-xss-protection":"0","x-frame-options":"SAMEORIGIN","x-content-type-options":"nosniff","alt-svc":"h3-27=\":443\"; ma=2592000,h3-25=\":443\"; ma=2592000,h3-T050=\":443\"; ma=2592000,h3-Q050=\":443\"; ma=2592000,h3-Q049=\":443\"; ma=2592000,h3-Q048=\":443\"; ma=2592000,h3-Q046=\":443\"; ma=2592000,h3-Q043=\":443\"; ma=2592000,quic=\":443\"; ma=2592000; v=\"46,43\"","accept-ranges":"none","transfer-encoding":"chunked"}
[debug] [2020-06-05T16:45:19.254Z] >>> HTTP REQUEST GET https://cloudfunctions.googleapis.com/v1/operations/YW5vbmlidXMtODlmMTIvdXMtY2VudHJhbDEvaW1hZ2VVcGRhdGVGaXJlc3RvcmUvbEZkdkFzcnd6VGM  
 
[debug] [2020-06-05T16:45:20.311Z] <<< HTTP RESPONSE 200 {"content-type":"application/json; charset=UTF-8","vary":"X-Origin, Referer, Origin,Accept-Encoding","date":"Fri, 05 Jun 2020 16:45:22 GMT","server":"ESF","cache-control":"private","x-xss-protection":"0","x-frame-options":"SAMEORIGIN","x-content-type-options":"nosniff","alt-svc":"h3-27=\":443\"; ma=2592000,h3-25=\":443\"; ma=2592000,h3-T050=\":443\"; ma=2592000,h3-Q050=\":443\"; ma=2592000,h3-Q049=\":443\"; ma=2592000,h3-Q048=\":443\"; ma=2592000,h3-Q046=\":443\"; ma=2592000,h3-Q043=\":443\"; ma=2592000,quic=\":443\"; ma=2592000; v=\"46,43\"","accept-ranges":"none","transfer-encoding":"chunked"}
[debug] [2020-06-05T16:45:21.134Z] >>> HTTP REQUEST GET https://cloudfunctions.googleapis.com/v1/operations/YW5vbmlidXMtODlmMTIvdXMtY2VudHJhbDEvZW52aWFyTWVuc2FnZW0vUkpNRW40dlFrM3c  
 
[debug] [2020-06-05T16:45:22.151Z] <<< HTTP RESPONSE 200 {"content-type":"application/json; charset=UTF-8","vary":"X-Origin, Referer, Origin,Accept-Encoding","date":"Fri, 05 Jun 2020 16:45:24 GMT","server":"ESF","cache-control":"private","x-xss-protection":"0","x-frame-options":"SAMEORIGIN","x-content-type-options":"nosniff","alt-svc":"h3-27=\":443\"; ma=2592000,h3-25=\":443\"; ma=2592000,h3-T050=\":443\"; ma=2592000,h3-Q050=\":443\"; ma=2592000,h3-Q049=\":443\"; ma=2592000,h3-Q048=\":443\"; ma=2592000,h3-Q046=\":443\"; ma=2592000,h3-Q043=\":443\"; ma=2592000,quic=\":443\"; ma=2592000; v=\"46,43\"","accept-ranges":"none","transfer-encoding":"chunked"}
[debug] [2020-06-05T16:45:22.314Z] >>> HTTP REQUEST GET https://cloudfunctions.googleapis.com/v1/operations/YW5vbmlidXMtODlmMTIvdXMtY2VudHJhbDEvaW1hZ2VVcGRhdGVGaXJlc3RvcmUvbEZkdkFzcnd6VGM  
 
[debug] [2020-06-05T16:45:23.359Z] <<< HTTP RESPONSE 200 {"content-type":"application/json; charset=UTF-8","vary":"X-Origin, Referer, Origin,Accept-Encoding","date":"Fri, 05 Jun 2020 16:45:25 GMT","server":"ESF","cache-control":"private","x-xss-protection":"0","x-frame-options":"SAMEORIGIN","x-content-type-options":"nosniff","alt-svc":"h3-27=\":443\"; ma=2592000,h3-25=\":443\"; ma=2592000,h3-T050=\":443\"; ma=2592000,h3-Q050=\":443\"; ma=2592000,h3-Q049=\":443\"; ma=2592000,h3-Q048=\":443\"; ma=2592000,h3-Q046=\":443\"; ma=2592000,h3-Q043=\":443\"; ma=2592000,quic=\":443\"; ma=2592000; v=\"46,43\"","accept-ranges":"none","transfer-encoding":"chunked"}
[debug] [2020-06-05T16:45:24.155Z] >>> HTTP REQUEST GET https://cloudfunctions.googleapis.com/v1/operations/YW5vbmlidXMtODlmMTIvdXMtY2VudHJhbDEvZW52aWFyTWVuc2FnZW0vUkpNRW40dlFrM3c  
 
[debug] [2020-06-05T16:45:25.183Z] <<< HTTP RESPONSE 200 {"content-type":"application/json; charset=UTF-8","vary":"X-Origin, Referer, Origin,Accept-Encoding","date":"Fri, 05 Jun 2020 16:45:27 GMT","server":"ESF","cache-control":"private","x-xss-protection":"0","x-frame-options":"SAMEORIGIN","x-content-type-options":"nosniff","alt-svc":"h3-27=\":443\"; ma=2592000,h3-25=\":443\"; ma=2592000,h3-T050=\":443\"; ma=2592000,h3-Q050=\":443\"; ma=2592000,h3-Q049=\":443\"; ma=2592000,h3-Q048=\":443\"; ma=2592000,h3-Q046=\":443\"; ma=2592000,h3-Q043=\":443\"; ma=2592000,quic=\":443\"; ma=2592000; v=\"46,43\"","accept-ranges":"none","transfer-encoding":"chunked"}
[debug] [2020-06-05T16:45:25.363Z] >>> HTTP REQUEST GET https://cloudfunctions.googleapis.com/v1/operations/YW5vbmlidXMtODlmMTIvdXMtY2VudHJhbDEvaW1hZ2VVcGRhdGVGaXJlc3RvcmUvbEZkdkFzcnd6VGM  
 
[debug] [2020-06-05T16:45:26.419Z] <<< HTTP RESPONSE 200 {"content-type":"application/json; charset=UTF-8","vary":"X-Origin, Referer, Origin,Accept-Encoding","date":"Fri, 05 Jun 2020 16:45:28 GMT","server":"ESF","cache-control":"private","x-xss-protection":"0","x-frame-options":"SAMEORIGIN","x-content-type-options":"nosniff","alt-svc":"h3-27=\":443\"; ma=2592000,h3-25=\":443\"; ma=2592000,h3-T050=\":443\"; ma=2592000,h3-Q050=\":443\"; ma=2592000,h3-Q049=\":443\"; ma=2592000,h3-Q048=\":443\"; ma=2592000,h3-Q046=\":443\"; ma=2592000,h3-Q043=\":443\"; ma=2592000,quic=\":443\"; ma=2592000; v=\"46,43\"","accept-ranges":"none","transfer-encoding":"chunked"}
[debug] [2020-06-05T16:45:27.187Z] >>> HTTP REQUEST GET https://cloudfunctions.googleapis.com/v1/operations/YW5vbmlidXMtODlmMTIvdXMtY2VudHJhbDEvZW52aWFyTWVuc2FnZW0vUkpNRW40dlFrM3c  
 
[debug] [2020-06-05T16:45:28.199Z] <<< HTTP RESPONSE 200 {"content-type":"application/json; charset=UTF-8","vary":"X-Origin, Referer, Origin,Accept-Encoding","date":"Fri, 05 Jun 2020 16:45:30 GMT","server":"ESF","cache-control":"private","x-xss-protection":"0","x-frame-options":"SAMEORIGIN","x-content-type-options":"nosniff","alt-svc":"h3-27=\":443\"; ma=2592000,h3-25=\":443\"; ma=2592000,h3-T050=\":443\"; ma=2592000,h3-Q050=\":443\"; ma=2592000,h3-Q049=\":443\"; ma=2592000,h3-Q048=\":443\"; ma=2592000,h3-Q046=\":443\"; ma=2592000,h3-Q043=\":443\"; ma=2592000,quic=\":443\"; ma=2592000; v=\"46,43\"","accept-ranges":"none","transfer-encoding":"chunked"}
[debug] [2020-06-05T16:45:28.423Z] >>> HTTP REQUEST GET https://cloudfunctions.googleapis.com/v1/operations/YW5vbmlidXMtODlmMTIvdXMtY2VudHJhbDEvaW1hZ2VVcGRhdGVGaXJlc3RvcmUvbEZkdkFzcnd6VGM  
 
[debug] [2020-06-05T16:45:29.471Z] <<< HTTP RESPONSE 200 {"content-type":"application/json; charset=UTF-8","vary":"X-Origin, Referer, Origin,Accept-Encoding","date":"Fri, 05 Jun 2020 16:45:31 GMT","server":"ESF","cache-control":"private","x-xss-protection":"0","x-frame-options":"SAMEORIGIN","x-content-type-options":"nosniff","alt-svc":"h3-27=\":443\"; ma=2592000,h3-25=\":443\"; ma=2592000,h3-T050=\":443\"; ma=2592000,h3-Q050=\":443\"; ma=2592000,h3-Q049=\":443\"; ma=2592000,h3-Q048=\":443\"; ma=2592000,h3-Q046=\":443\"; ma=2592000,h3-Q043=\":443\"; ma=2592000,quic=\":443\"; ma=2592000; v=\"46,43\"","accept-ranges":"none","transfer-encoding":"chunked"}
[debug] [2020-06-05T16:45:30.204Z] >>> HTTP REQUEST GET https://cloudfunctions.googleapis.com/v1/operations/YW5vbmlidXMtODlmMTIvdXMtY2VudHJhbDEvZW52aWFyTWVuc2FnZW0vUkpNRW40dlFrM3c  
 
[debug] [2020-06-05T16:45:30.522Z] <<< HTTP RESPONSE 200 {"content-type":"application/json; charset=UTF-8","vary":"X-Origin, Referer, Origin,Accept-Encoding","date":"Fri, 05 Jun 2020 16:45:32 GMT","server":"ESF","cache-control":"private","x-xss-protection":"0","x-frame-options":"SAMEORIGIN","x-content-type-options":"nosniff","alt-svc":"h3-27=\":443\"; ma=2592000,h3-25=\":443\"; ma=2592000,h3-T050=\":443\"; ma=2592000,h3-Q050=\":443\"; ma=2592000,h3-Q049=\":443\"; ma=2592000,h3-Q048=\":443\"; ma=2592000,h3-Q046=\":443\"; ma=2592000,h3-Q043=\":443\"; ma=2592000,quic=\":443\"; ma=2592000; v=\"46,43\"","accept-ranges":"none","transfer-encoding":"chunked"}
[debug] [2020-06-05T16:45:31.475Z] >>> HTTP REQUEST GET https://cloudfunctions.googleapis.com/v1/operations/YW5vbmlidXMtODlmMTIvdXMtY2VudHJhbDEvaW1hZ2VVcGRhdGVGaXJlc3RvcmUvbEZkdkFzcnd6VGM  
 
[debug] [2020-06-05T16:45:32.519Z] <<< HTTP RESPONSE 200 {"content-type":"application/json; charset=UTF-8","vary":"X-Origin, Referer, Origin,Accept-Encoding","date":"Fri, 05 Jun 2020 16:45:34 GMT","server":"ESF","cache-control":"private","x-xss-protection":"0","x-frame-options":"SAMEORIGIN","x-content-type-options":"nosniff","alt-svc":"h3-27=\":443\"; ma=2592000,h3-25=\":443\"; ma=2592000,h3-T050=\":443\"; ma=2592000,h3-Q050=\":443\"; ma=2592000,h3-Q049=\":443\"; ma=2592000,h3-Q048=\":443\"; ma=2592000,h3-Q046=\":443\"; ma=2592000,h3-Q043=\":443\"; ma=2592000,quic=\":443\"; ma=2592000; v=\"46,43\"","accept-ranges":"none","transfer-encoding":"chunked"}
[info] +  functions[imageUpdateFirestore(us-central1)]: Successful create operation.  
[debug] [2020-06-05T16:45:32.527Z] >>> HTTP REQUEST GET https://cloudfunctions.googleapis.com/v1/operations/YW5vbmlidXMtODlmMTIvdXMtY2VudHJhbDEvZW52aWFyTWVuc2FnZW0vUkpNRW40dlFrM3c  
 
[debug] [2020-06-05T16:45:33.529Z] <<< HTTP RESPONSE 200 {"content-type":"application/json; charset=UTF-8","vary":"X-Origin, Referer, Origin,Accept-Encoding","date":"Fri, 05 Jun 2020 16:45:35 GMT","server":"ESF","cache-control":"private","x-xss-protection":"0","x-frame-options":"SAMEORIGIN","x-content-type-options":"nosniff","alt-svc":"h3-27=\":443\"; ma=2592000,h3-25=\":443\"; ma=2592000,h3-T050=\":443\"; ma=2592000,h3-Q050=\":443\"; ma=2592000,h3-Q049=\":443\"; ma=2592000,h3-Q048=\":443\"; ma=2592000,h3-Q046=\":443\"; ma=2592000,h3-Q043=\":443\"; ma=2592000,quic=\":443\"; ma=2592000; v=\"46,43\"","accept-ranges":"none","transfer-encoding":"chunked"}
[debug] [2020-06-05T16:45:35.532Z] >>> HTTP REQUEST GET https://cloudfunctions.googleapis.com/v1/operations/YW5vbmlidXMtODlmMTIvdXMtY2VudHJhbDEvZW52aWFyTWVuc2FnZW0vUkpNRW40dlFrM3c  
 
[debug] [2020-06-05T16:45:36.558Z] <<< HTTP RESPONSE 200 {"content-type":"application/json; charset=UTF-8","vary":"X-Origin, Referer, Origin,Accept-Encoding","date":"Fri, 05 Jun 2020 16:45:38 GMT","server":"ESF","cache-control":"private","x-xss-protection":"0","x-frame-options":"SAMEORIGIN","x-content-type-options":"nosniff","alt-svc":"h3-27=\":443\"; ma=2592000,h3-25=\":443\"; ma=2592000,h3-T050=\":443\"; ma=2592000,h3-Q050=\":443\"; ma=2592000,h3-Q049=\":443\"; ma=2592000,h3-Q048=\":443\"; ma=2592000,h3-Q046=\":443\"; ma=2592000,h3-Q043=\":443\"; ma=2592000,quic=\":443\"; ma=2592000; v=\"46,43\"","accept-ranges":"none","transfer-encoding":"chunked"}
[debug] [2020-06-05T16:45:38.561Z] >>> HTTP REQUEST GET https://cloudfunctions.googleapis.com/v1/operations/YW5vbmlidXMtODlmMTIvdXMtY2VudHJhbDEvZW52aWFyTWVuc2FnZW0vUkpNRW40dlFrM3c  
 
[debug] [2020-06-05T16:45:38.879Z] <<< HTTP RESPONSE 200 {"content-type":"application/json; charset=UTF-8","vary":"X-Origin, Referer, Origin,Accept-Encoding","date":"Fri, 05 Jun 2020 16:45:41 GMT","server":"ESF","cache-control":"private","x-xss-protection":"0","x-frame-options":"SAMEORIGIN","x-content-type-options":"nosniff","alt-svc":"h3-27=\":443\"; ma=2592000,h3-25=\":443\"; ma=2592000,h3-T050=\":443\"; ma=2592000,h3-Q050=\":443\"; ma=2592000,h3-Q049=\":443\"; ma=2592000,h3-Q048=\":443\"; ma=2592000,h3-Q046=\":443\"; ma=2592000,h3-Q043=\":443\"; ma=2592000,quic=\":443\"; ma=2592000; v=\"46,43\"","accept-ranges":"none","transfer-encoding":"chunked"}
[debug] [2020-06-05T16:45:40.881Z] >>> HTTP REQUEST GET https://cloudfunctions.googleapis.com/v1/operations/YW5vbmlidXMtODlmMTIvdXMtY2VudHJhbDEvZW52aWFyTWVuc2FnZW0vUkpNRW40dlFrM3c  
 
[debug] [2020-06-05T16:45:41.903Z] <<< HTTP RESPONSE 200 {"content-type":"application/json; charset=UTF-8","vary":"X-Origin, Referer, Origin,Accept-Encoding","date":"Fri, 05 Jun 2020 16:45:44 GMT","server":"ESF","cache-control":"private","x-xss-protection":"0","x-frame-options":"SAMEORIGIN","x-content-type-options":"nosniff","alt-svc":"h3-27=\":443\"; ma=2592000,h3-25=\":443\"; ma=2592000,h3-T050=\":443\"; ma=2592000,h3-Q050=\":443\"; ma=2592000,h3-Q049=\":443\"; ma=2592000,h3-Q048=\":443\"; ma=2592000,h3-Q046=\":443\"; ma=2592000,h3-Q043=\":443\"; ma=2592000,quic=\":443\"; ma=2592000; v=\"46,43\"","accept-ranges":"none","transfer-encoding":"chunked"}
[debug] [2020-06-05T16:45:43.906Z] >>> HTTP REQUEST GET https://cloudfunctions.googleapis.com/v1/operations/YW5vbmlidXMtODlmMTIvdXMtY2VudHJhbDEvZW52aWFyTWVuc2FnZW0vUkpNRW40dlFrM3c  
 
[debug] [2020-06-05T16:45:44.979Z] <<< HTTP RESPONSE 200 {"content-type":"application/json; charset=UTF-8","vary":"X-Origin, Referer, Origin,Accept-Encoding","date":"Fri, 05 Jun 2020 16:45:47 GMT","server":"ESF","cache-control":"private","x-xss-protection":"0","x-frame-options":"SAMEORIGIN","x-content-type-options":"nosniff","alt-svc":"h3-27=\":443\"; ma=2592000,h3-25=\":443\"; ma=2592000,h3-T050=\":443\"; ma=2592000,h3-Q050=\":443\"; ma=2592000,h3-Q049=\":443\"; ma=2592000,h3-Q048=\":443\"; ma=2592000,h3-Q046=\":443\"; ma=2592000,h3-Q043=\":443\"; ma=2592000,quic=\":443\"; ma=2592000; v=\"46,43\"","accept-ranges":"none","transfer-encoding":"chunked"}
[info] +  functions[enviarMensagem(us-central1)]: Successful create operation.  
[info] Function URL (enviarMensagem): https://us-central1-anonibus-89f12.cloudfunctions.net/enviarMensagem
[info] 
[info] +  Deploy complete! 
[info] 
[info] Project Console: https://console.firebase.google.com/project/anonibus-89f12/overview
